#
# A fatal error has been detected by the Java Runtime Environment:
#
#  EXCEPTION_ACCESS_VIOLATION (0xc0000005) at pc=0x00007ffdb62fbc8a, pid=12080, tid=11916
#
# JRE version: OpenJDK Runtime Environment Temurin-17.0.1+12 (17.0.1+12) (build 17.0.1+12)
# Java VM: OpenJDK 64-Bit Server VM Temurin-17.0.1+12 (17.0.1+12, mixed mode, tiered, compressed oops, compressed class ptrs, g1 gc, windows-amd64)
# Problematic frame:
# V  [jvm.dll+0x79bc8a]
#
# No core dump will be written. Minidumps are not enabled by default on client versions of Windows
#
# If you would like to submit a bug report, please visit:
#   https://github.com/adoptium/adoptium-support/issues
#

---------------  S U M M A R Y ------------

Command Line: -XX:+ShowCodeDetailsInExceptionMessages -agentlib:jdwp=transport=dt_socket,suspend=y,address=localhost:52474 -javaagent:F:\z\eclipse-jee-2021-12-R-win32-x86_64\eclipse\configuration\org.eclipse.osgi\418\0\.cp\lib\javaagent-shaded.jar -Dfile.encoding=Cp1252 collectionsdemo.ComparableDemo

Host: AMD Ryzen 5 3500U with Radeon Vega Mobile Gfx  , 8 cores, 5G,  Windows 10 , 64 bit Build 22000 (10.0.22000.613)
Time: Sat Apr 16 16:02:05 2022 India Standard Time elapsed time: 1995.271087 seconds (0d 0h 33m 15s)

---------------  T H R E A D  ---------------

Current thread (0x000001ed58e93f80):  JavaThread "JDWP Transport Listener: dt_socket" daemon [_thread_in_vm, id=11916, stack(0x000000759f900000,0x000000759fa00000)]

Stack: [0x000000759f900000,0x000000759fa00000],  sp=0x000000759f9ff1d0,  free space=1020k
Native frames: (J=compiled Java code, j=interpreted, Vv=VM code, C=native code)
V  [jvm.dll+0x79bc8a]
V  [jvm.dll+0x507e6c]
V  [jvm.dll+0x4cf4d4]
C  [jdwp.dll+0x22dff]


siginfo: EXCEPTION_ACCESS_VIOLATION (0xc0000005), reading address 0x0000000000310034


Register to memory mapping:

RIP=0x00007ffdb62fbc8a jvm.dll
RAX=0x0000000000000032 is an unknown value
RBX=0x000001ed58d3b45a points into unknown readable memory: 62 6c 65 3b 00 63
RCX=0x0000000000310030 is an unknown value
RDX=0x000001ed59347940 points into unknown readable memory: 0x7463656c6c6f634c | 4c 63 6f 6c 6c 65 63 74
RSP=0x000000759f9ff1d0 is pointing into the stack for thread: 0x000001ed58e93f80
RBP=0x000001ed58e2b0b0 points into unknown readable memory: 0x0000000200000002 | 02 00 00 00 02 00 00 00
RSI=0x0 is NULL
RDI=0xffffffffffffffff is an unknown value
R8 =0x000000000000012c is an unknown value
R9 =0x0000000000000040 is an unknown value
R10=0x0000000000000100 is an unknown value
R11=0x000000759f9ff1f0 is pointing into the stack for thread: 0x000001ed58e93f80
R12=0x000000759f9ff328 is pointing into the stack for thread: 0x000001ed58e93f80
R13=0x0 is NULL
R14=0x00000001001054c0 is a pointer to class: 
collectionsdemo.Student {0x00000001001054c8}
 - instance size:     3
 - klass size:        70
 - access:            public synchronized 
 - state:             fully_initialized
 - name:              'collectionsdemo/Student'
 - super:             'java/lang/Object'
 - sub:               
 - arrays:            NULL
 - methods:           Array<T>(0x000001ed59c37fa8)
 - method ordering:   Array<T>(0x000001ed59c3ba10)
 - default_methods:   Array<T>(0x0000000000000000)
 - local interfaces:  Array<T>(0x000001ed59c37fc8)
 - trans. interfaces: Array<T>(0x000001ed59c37fc8)
 - constants:         constant pool [52] {0x000001ed59c3dee8} for 'collectionsdemo/Student' cache=0x000001ed59c3e0c8
 - class loader data:  loader data: 0x000001ed580b6ed0 for instance a 'jdk/internal/loader/ClassLoaders$AppClassLoader'{0x00000000a6b61a90}
 - source file:       'Student.java'
 - source debug extension:       SMAP
Student.java
Java
*S jdt
*F
1 Student.java
2 file:/F:/Training/eclipse-workspace/CoreJava/bin/
*L
*E

 - class annotations:       Array<T>(0x0000000000000000)
 - class type annotations:  Array<T>(0x0000000000000000)
 - field annotations:       Array<T>(0x0000000000000000)
 - field type annotations:  Array<T>(0x0000000000000000)
 - generic signature: '
[error occurred during error reporting (printing register info), id 0xc0000005, EXCEPTION_ACCESS_VIOLATION (0xc0000005) at pc=0x00007ffdb62fc896]

Registers:
RAX=0x0000000000000032, RBX=0x000001ed58d3b45a, RCX=0x0000000000310030, RDX=0x000001ed59347940
RSP=0x000000759f9ff1d0, RBP=0x000001ed58e2b0b0, RSI=0x0000000000000000, RDI=0xffffffffffffffff
R8 =0x000000000000012c, R9 =0x0000000000000040, R10=0x0000000000000100, R11=0x000000759f9ff1f0
R12=0x000000759f9ff328, R13=0x0000000000000000, R14=0x00000001001054c0, R15=0x000000759f9ff378
RIP=0x00007ffdb62fbc8a, EFLAGS=0x0000000000010202

Top of Stack: (sp=0x000000759f9ff1d0)
0x000000759f9ff1d0:   0000000000000017 00000001001054c0
0x000000759f9ff1e0:   000001ed58e93f80 0000000000000000
0x000000759f9ff1f0:   ffffffffffffffff 00007ffdb6067e6c
0x000000759f9ff200:   000001ed58d3b45a 000001ed58d3b440
0x000000759f9ff210:   000001ed58e2b0b0 000001ed59346200
0x000000759f9ff220:   000001ed58d3b410 00000000000003d8
0x000000759f9ff230:   000001ed58d3b420 000001ed58d3b7f8
0x000000759f9ff240:   0000000000000002 000000759f9ff328
0x000000759f9ff250:   0000000000000000 0000000000000000
0x000000759f9ff260:   00000000a67c6260 00007ffdb602f4d4
0x000000759f9ff270:   000001ed58e93f80 000000759f9ff378
0x000000759f9ff280:   000001ed3f3abdc0 000000759f9ff378
0x000000759f9ff290:   000001ed58e93f80 0000000000000000
0x000000759f9ff2a0:   000001ed00000000 0000000000000000
0x000000759f9ff2b0:   000000000000000d 00007ffdd7562dff
0x000000759f9ff2c0:   000000759f9ff370 00007ffdd7571aa0 

Instructions: (pc=0x00007ffdb62fbc8a)
0x00007ffdb62fbb8a:   48 83 c4 20 5f e9 3c a2 90 ff cc cc cc cc cc cc
0x00007ffdb62fbb9a:   cc cc cc cc cc cc 48 89 5c 24 08 57 48 83 ec 20
0x00007ffdb62fbbaa:   83 fa 02 8d 42 06 b9 08 00 00 00 49 8b d8 0f 4e
0x00007ffdb62fbbba:   c1 48 63 c8 48 83 c1 07 83 e1 f8 48 63 f9 49 8b
0x00007ffdb62fbbca:   48 18 48 8b c7 48 f7 d0 48 3b c1 73 16 4c 8d 05
0x00007ffdb62fbbda:   5a 55 17 00 48 8b d7 48 8b cb e8 47 05 91 ff 48
0x00007ffdb62fbbea:   8b 4b 18 48 8d 04 39 48 3b 43 20 76 18 45 33 c0
0x00007ffdb62fbbfa:   48 8b d7 48 8b cb 48 8b 5c 24 30 48 83 c4 20 5f
0x00007ffdb62fbc0a:   e9 a1 01 91 ff 48 89 43 18 48 8b c1 48 8b 5c 24
0x00007ffdb62fbc1a:   30 48 83 c4 20 5f c3 cc cc cc cc cc cc cc cc cc
0x00007ffdb62fbc2a:   cc cc cc cc cc cc 4c 8b d2 4c 8b d9 45 85 c0 7e
0x00007ffdb62fbc3a:   3c 44 0f b7 49 04 41 8d 40 ff 41 3b c1 44 0f 4c
0x00007ffdb62fbc4a:   c8 4d 63 c1 45 85 c9 7e 1f 48 8b c2 4c 2b da 49
0x00007ffdb62fbc5a:   8b d0 0f 1f 40 00 41 0f b6 4c 03 06 88 08 48 8d
0x00007ffdb62fbc6a:   40 01 48 83 ea 01 75 ee 43 c6 04 10 00 49 8b c2
0x00007ffdb62fbc7a:   c3 cc cc cc cc cc 48 89 5c 24 08 57 48 83 ec 20
0x00007ffdb62fbc8a:   0f b7 59 04 48 8b f9 33 d2 48 8d 4b 01 e8 24 e8
0x00007ffdb62fbc9a:   f2 ff 0f b7 57 04 4c 8b c0 3b da 0f 42 d3 44 8b
0x00007ffdb62fbcaa:   ca 85 d2 74 39 48 2b f8 0f 1f 40 00 66 66 0f 1f
0x00007ffdb62fbcba:   84 00 00 00 00 00 0f b6 4c 07 06 88 08 48 ff c0
0x00007ffdb62fbcca:   48 8b c8 49 2b c8 49 3b c9 7c eb 42 c6 04 02 00
0x00007ffdb62fbcda:   49 8b c0 48 8b 5c 24 30 48 83 c4 20 5f c3 48 8b
0x00007ffdb62fbcea:   5c 24 30 c6 04 02 00 48 83 c4 20 5f c3 cc cc cc
0x00007ffdb62fbcfa:   cc cc cc cc cc cc 4c 8b d1 45 85 c0 7e 6c 44 0f
0x00007ffdb62fbd0a:   b7 49 04 41 8d 40 ff 41 3b c1 44 0f 4c c8 4d 63
0x00007ffdb62fbd1a:   d9 45 85 c9 7e 22 48 8b ca 4c 2b d2 4d 8b c3 0f
0x00007ffdb62fbd2a:   1f 80 00 00 00 00 41 0f b6 44 0a 06 88 01 48 8d
0x00007ffdb62fbd3a:   49 01 49 83 e8 01 75 ee 41 c6 04 13 00 48 c7 c0
0x00007ffdb62fbd4a:   ff ff ff ff 66 90 48 ff c0 80 3c 02 00 75 f7 48
0x00007ffdb62fbd5a:   63 c8 85 c0 48 8b c2 7e 14 80 38 2f 75 03 c6 00
0x00007ffdb62fbd6a:   2e 48 ff c0 48 83 e9 01 75 ef 48 8b c2 c3 cc cc
0x00007ffdb62fbd7a:   cc cc cc cc cc cc 48 83 ec 28 e8 f7 fe ff ff 4c 


Stack slot to memory mapping:
stack at sp + 0 slots: 0x0000000000000017 is an unknown value
stack at sp + 1 slots: 0x00000001001054c0 is a pointer to class: 
collectionsdemo.Student {0x00000001001054c8}
 - instance size:     3
 - klass size:        70
 - access:            public synchronized 
 - state:             fully_initialized
 - name:              'collectionsdemo/Student'
 - super:             'java/lang/Object'
 - sub:               
 - arrays:            NULL
 - methods:           Array<T>(0x000001ed59c37fa8)
 - method ordering:   Array<T>(0x000001ed59c3ba10)
 - default_methods:   Array<T>(0x0000000000000000)
 - local interfaces:  Array<T>(0x000001ed59c37fc8)
 - trans. interfaces: Array<T>(0x000001ed59c37fc8)
 - constants:         constant pool [52] {0x000001ed59c3dee8} for 'collectionsdemo/Student' cache=0x000001ed59c3e0c8
 - class loader data:  loader data: 0x000001ed580b6ed0 for instance a 'jdk/internal/loader/ClassLoaders$AppClassLoader'{0x00000000a6b61a90}
 - source file:       'Student.java'
 - source debug extension:       SMAP
Student.java
Java
*S jdt
*F
1 Student.java
2 file:/F:/Training/eclipse-workspace/CoreJava/bin/
*L
*E

 - class annotations:       Array<T>(0x0000000000000000)
 - class type annotations:  Array<T>(0x0000000000000000)
 - field annotations:       Array<T>(0x0000000000000000)
 - field type annotations:  Array<T>(0x0000000000000000)
 - generic signature: '
[error occurred during error reporting (inspecting top of stack), id 0xc0000005, EXCEPTION_ACCESS_VIOLATION (0xc0000005) at pc=0x00007ffdb62fc896]


---------------  P R O C E S S  ---------------

Threads class SMR info:
_java_thread_list=0x000001ed59346320, length=15, elements={
0x000001ed3f3be330, 0x000001ed58064de0, 0x000001ed58065c50, 0x000001ed58c0c8b0,
0x000001ed58c0f180, 0x000001ed58c0fb30, 0x000001ed580d9020, 0x000001ed58c10c20,
0x000001ed58c125e0, 0x000001ed58c156d0, 0x000001ed58cc9270, 0x000001ed58e93f80,
0x000001ed58e3cc00, 0x000001ed58e3d0f0, 0x000001ed5938f9f0
}

Java Threads: ( => current thread )
  0x000001ed3f3be330 JavaThread "main" [_thread_blocked, id=13200, stack(0x000000759e800000,0x000000759e900000)]
  0x000001ed58064de0 JavaThread "Reference Handler" daemon [_thread_blocked, id=2716, stack(0x000000759ef00000,0x000000759f000000)]
  0x000001ed58065c50 JavaThread "Finalizer" daemon [_thread_blocked, id=14240, stack(0x000000759f000000,0x000000759f100000)]
  0x000001ed58c0c8b0 JavaThread "Signal Dispatcher" daemon [_thread_blocked, id=10936, stack(0x000000759f100000,0x000000759f200000)]
  0x000001ed58c0f180 JavaThread "Attach Listener" daemon [_thread_blocked, id=14020, stack(0x000000759f200000,0x000000759f300000)]
  0x000001ed58c0fb30 JavaThread "Service Thread" daemon [_thread_blocked, id=768, stack(0x000000759f300000,0x000000759f400000)]
  0x000001ed580d9020 JavaThread "Monitor Deflation Thread" daemon [_thread_blocked, id=14080, stack(0x000000759f400000,0x000000759f500000)]
  0x000001ed58c10c20 JavaThread "C2 CompilerThread0" daemon [_thread_blocked, id=7104, stack(0x000000759f500000,0x000000759f600000)]
  0x000001ed58c125e0 JavaThread "C1 CompilerThread0" daemon [_thread_blocked, id=14560, stack(0x000000759f600000,0x000000759f700000)]
  0x000001ed58c156d0 JavaThread "Sweeper thread" daemon [_thread_blocked, id=176, stack(0x000000759f700000,0x000000759f800000)]
  0x000001ed58cc9270 JavaThread "Common-Cleaner" daemon [_thread_blocked, id=7768, stack(0x000000759f800000,0x000000759f900000)]
=>0x000001ed58e93f80 JavaThread "JDWP Transport Listener: dt_socket" daemon [_thread_in_vm, id=11916, stack(0x000000759f900000,0x000000759fa00000)]
  0x000001ed58e3cc00 JavaThread "JDWP Event Helper Thread" daemon [_thread_blocked, id=2536, stack(0x000000759fa00000,0x000000759fb00000)]
  0x000001ed58e3d0f0 JavaThread "JDWP Command Reader" daemon [_thread_in_native, id=9128, stack(0x000000759fb00000,0x000000759fc00000)]
  0x000001ed5938f9f0 JavaThread "Notification Thread" daemon [_thread_blocked, id=2860, stack(0x000000759fd00000,0x000000759fe00000)]

Other Threads:
  0x000001ed58060630 VMThread "VM Thread" [stack: 0x000000759ee00000,0x000000759ef00000] [id=7152]
  0x000001ed59519d80 WatcherThread [stack: 0x000000759fe00000,0x000000759ff00000] [id=11908]
  0x000001ed3f3f61a0 GCTaskThread "GC Thread#0" [stack: 0x000000759e900000,0x000000759ea00000] [id=9788]
  0x000001ed3f403700 ConcurrentGCThread "G1 Main Marker" [stack: 0x000000759ea00000,0x000000759eb00000] [id=12824]
  0x000001ed3f404110 ConcurrentGCThread "G1 Conc#0" [stack: 0x000000759eb00000,0x000000759ec00000] [id=13772]
  0x000001ed3f47d980 ConcurrentGCThread "G1 Refine#0" [stack: 0x000000759ec00000,0x000000759ed00000] [id=12124]
  0x000001ed3f47e3a0 ConcurrentGCThread "G1 Service" [stack: 0x000000759ed00000,0x000000759ee00000] [id=9676]

Threads with active compile tasks:

VM state: not at safepoint (normal execution)

VM Mutex/Monitor currently owned by a thread: None

Heap address: 0x00000000a0c00000, size: 1524 MB, Compressed Oops mode: 32-bit

CDS archive(s) not mapped
Compressed class space mapped at: 0x0000000100000000-0x0000000140000000, reserved size: 1073741824
Narrow klass base: 0x0000000000000000, Narrow klass shift: 3, Narrow klass range: 0x140000000

GC Precious Log:
 CPUs: 8 total, 8 available
 Memory: 6091M
 Large Page Support: Disabled
 NUMA Support: Disabled
 Compressed Oops: Enabled (32-bit)
 Heap Region Size: 1M
 Heap Min Capacity: 8M
 Heap Initial Capacity: 96M
 Heap Max Capacity: 1524M
 Pre-touch: Disabled
 Parallel Workers: 8
 Concurrent Workers: 2
 Concurrent Refinement Workers: 8
 Periodic GC: Disabled

Heap:
 garbage-first heap   total 98304K, used 4096K [0x00000000a0c00000, 0x0000000100000000)
  region size 1024K, 5 young (5120K), 0 survivors (0K)
 Metaspace       used 9355K, committed 9472K, reserved 1064960K
  class space    used 812K, committed 896K, reserved 1048576K

Heap Regions: E=young(eden), S=young(survivor), O=old, HS=humongous(starts), HC=humongous(continues), CS=collection set, F=free, OA=open archive, CA=closed archive, TAMS=top-at-mark-start (previous, next)
|   0|0x00000000a0c00000, 0x00000000a0c00000, 0x00000000a0d00000|  0%| F|  |TAMS 0x00000000a0c00000, 0x00000000a0c00000| Untracked 
|   1|0x00000000a0d00000, 0x00000000a0d00000, 0x00000000a0e00000|  0%| F|  |TAMS 0x00000000a0d00000, 0x00000000a0d00000| Untracked 
|   2|0x00000000a0e00000, 0x00000000a0e00000, 0x00000000a0f00000|  0%| F|  |TAMS 0x00000000a0e00000, 0x00000000a0e00000| Untracked 
|   3|0x00000000a0f00000, 0x00000000a0f00000, 0x00000000a1000000|  0%| F|  |TAMS 0x00000000a0f00000, 0x00000000a0f00000| Untracked 
|   4|0x00000000a1000000, 0x00000000a1000000, 0x00000000a1100000|  0%| F|  |TAMS 0x00000000a1000000, 0x00000000a1000000| Untracked 
|   5|0x00000000a1100000, 0x00000000a1100000, 0x00000000a1200000|  0%| F|  |TAMS 0x00000000a1100000, 0x00000000a1100000| Untracked 
|   6|0x00000000a1200000, 0x00000000a1200000, 0x00000000a1300000|  0%| F|  |TAMS 0x00000000a1200000, 0x00000000a1200000| Untracked 
|   7|0x00000000a1300000, 0x00000000a1300000, 0x00000000a1400000|  0%| F|  |TAMS 0x00000000a1300000, 0x00000000a1300000| Untracked 
|   8|0x00000000a1400000, 0x00000000a1400000, 0x00000000a1500000|  0%| F|  |TAMS 0x00000000a1400000, 0x00000000a1400000| Untracked 
|   9|0x00000000a1500000, 0x00000000a1500000, 0x00000000a1600000|  0%| F|  |TAMS 0x00000000a1500000, 0x00000000a1500000| Untracked 
|  10|0x00000000a1600000, 0x00000000a1600000, 0x00000000a1700000|  0%| F|  |TAMS 0x00000000a1600000, 0x00000000a1600000| Untracked 
|  11|0x00000000a1700000, 0x00000000a1700000, 0x00000000a1800000|  0%| F|  |TAMS 0x00000000a1700000, 0x00000000a1700000| Untracked 
|  12|0x00000000a1800000, 0x00000000a1800000, 0x00000000a1900000|  0%| F|  |TAMS 0x00000000a1800000, 0x00000000a1800000| Untracked 
|  13|0x00000000a1900000, 0x00000000a1900000, 0x00000000a1a00000|  0%| F|  |TAMS 0x00000000a1900000, 0x00000000a1900000| Untracked 
|  14|0x00000000a1a00000, 0x00000000a1a00000, 0x00000000a1b00000|  0%| F|  |TAMS 0x00000000a1a00000, 0x00000000a1a00000| Untracked 
|  15|0x00000000a1b00000, 0x00000000a1b00000, 0x00000000a1c00000|  0%| F|  |TAMS 0x00000000a1b00000, 0x00000000a1b00000| Untracked 
|  16|0x00000000a1c00000, 0x00000000a1c00000, 0x00000000a1d00000|  0%| F|  |TAMS 0x00000000a1c00000, 0x00000000a1c00000| Untracked 
|  17|0x00000000a1d00000, 0x00000000a1d00000, 0x00000000a1e00000|  0%| F|  |TAMS 0x00000000a1d00000, 0x00000000a1d00000| Untracked 
|  18|0x00000000a1e00000, 0x00000000a1e00000, 0x00000000a1f00000|  0%| F|  |TAMS 0x00000000a1e00000, 0x00000000a1e00000| Untracked 
|  19|0x00000000a1f00000, 0x00000000a1f00000, 0x00000000a2000000|  0%| F|  |TAMS 0x00000000a1f00000, 0x00000000a1f00000| Untracked 
|  20|0x00000000a2000000, 0x00000000a2000000, 0x00000000a2100000|  0%| F|  |TAMS 0x00000000a2000000, 0x00000000a2000000| Untracked 
|  21|0x00000000a2100000, 0x00000000a2100000, 0x00000000a2200000|  0%| F|  |TAMS 0x00000000a2100000, 0x00000000a2100000| Untracked 
|  22|0x00000000a2200000, 0x00000000a2200000, 0x00000000a2300000|  0%| F|  |TAMS 0x00000000a2200000, 0x00000000a2200000| Untracked 
|  23|0x00000000a2300000, 0x00000000a2300000, 0x00000000a2400000|  0%| F|  |TAMS 0x00000000a2300000, 0x00000000a2300000| Untracked 
|  24|0x00000000a2400000, 0x00000000a2400000, 0x00000000a2500000|  0%| F|  |TAMS 0x00000000a2400000, 0x00000000a2400000| Untracked 
|  25|0x00000000a2500000, 0x00000000a2500000, 0x00000000a2600000|  0%| F|  |TAMS 0x00000000a2500000, 0x00000000a2500000| Untracked 
|  26|0x00000000a2600000, 0x00000000a2600000, 0x00000000a2700000|  0%| F|  |TAMS 0x00000000a2600000, 0x00000000a2600000| Untracked 
|  27|0x00000000a2700000, 0x00000000a2700000, 0x00000000a2800000|  0%| F|  |TAMS 0x00000000a2700000, 0x00000000a2700000| Untracked 
|  28|0x00000000a2800000, 0x00000000a2800000, 0x00000000a2900000|  0%| F|  |TAMS 0x00000000a2800000, 0x00000000a2800000| Untracked 
|  29|0x00000000a2900000, 0x00000000a2900000, 0x00000000a2a00000|  0%| F|  |TAMS 0x00000000a2900000, 0x00000000a2900000| Untracked 
|  30|0x00000000a2a00000, 0x00000000a2a00000, 0x00000000a2b00000|  0%| F|  |TAMS 0x00000000a2a00000, 0x00000000a2a00000| Untracked 
|  31|0x00000000a2b00000, 0x00000000a2b00000, 0x00000000a2c00000|  0%| F|  |TAMS 0x00000000a2b00000, 0x00000000a2b00000| Untracked 
|  32|0x00000000a2c00000, 0x00000000a2c00000, 0x00000000a2d00000|  0%| F|  |TAMS 0x00000000a2c00000, 0x00000000a2c00000| Untracked 
|  33|0x00000000a2d00000, 0x00000000a2d00000, 0x00000000a2e00000|  0%| F|  |TAMS 0x00000000a2d00000, 0x00000000a2d00000| Untracked 
|  34|0x00000000a2e00000, 0x00000000a2e00000, 0x00000000a2f00000|  0%| F|  |TAMS 0x00000000a2e00000, 0x00000000a2e00000| Untracked 
|  35|0x00000000a2f00000, 0x00000000a2f00000, 0x00000000a3000000|  0%| F|  |TAMS 0x00000000a2f00000, 0x00000000a2f00000| Untracked 
|  36|0x00000000a3000000, 0x00000000a3000000, 0x00000000a3100000|  0%| F|  |TAMS 0x00000000a3000000, 0x00000000a3000000| Untracked 
|  37|0x00000000a3100000, 0x00000000a3100000, 0x00000000a3200000|  0%| F|  |TAMS 0x00000000a3100000, 0x00000000a3100000| Untracked 
|  38|0x00000000a3200000, 0x00000000a3200000, 0x00000000a3300000|  0%| F|  |TAMS 0x00000000a3200000, 0x00000000a3200000| Untracked 
|  39|0x00000000a3300000, 0x00000000a3300000, 0x00000000a3400000|  0%| F|  |TAMS 0x00000000a3300000, 0x00000000a3300000| Untracked 
|  40|0x00000000a3400000, 0x00000000a3400000, 0x00000000a3500000|  0%| F|  |TAMS 0x00000000a3400000, 0x00000000a3400000| Untracked 
|  41|0x00000000a3500000, 0x00000000a3500000, 0x00000000a3600000|  0%| F|  |TAMS 0x00000000a3500000, 0x00000000a3500000| Untracked 
|  42|0x00000000a3600000, 0x00000000a3600000, 0x00000000a3700000|  0%| F|  |TAMS 0x00000000a3600000, 0x00000000a3600000| Untracked 
|  43|0x00000000a3700000, 0x00000000a3700000, 0x00000000a3800000|  0%| F|  |TAMS 0x00000000a3700000, 0x00000000a3700000| Untracked 
|  44|0x00000000a3800000, 0x00000000a3800000, 0x00000000a3900000|  0%| F|  |TAMS 0x00000000a3800000, 0x00000000a3800000| Untracked 
|  45|0x00000000a3900000, 0x00000000a3900000, 0x00000000a3a00000|  0%| F|  |TAMS 0x00000000a3900000, 0x00000000a3900000| Untracked 
|  46|0x00000000a3a00000, 0x00000000a3a00000, 0x00000000a3b00000|  0%| F|  |TAMS 0x00000000a3a00000, 0x00000000a3a00000| Untracked 
|  47|0x00000000a3b00000, 0x00000000a3b00000, 0x00000000a3c00000|  0%| F|  |TAMS 0x00000000a3b00000, 0x00000000a3b00000| Untracked 
|  48|0x00000000a3c00000, 0x00000000a3c00000, 0x00000000a3d00000|  0%| F|  |TAMS 0x00000000a3c00000, 0x00000000a3c00000| Untracked 
|  49|0x00000000a3d00000, 0x00000000a3d00000, 0x00000000a3e00000|  0%| F|  |TAMS 0x00000000a3d00000, 0x00000000a3d00000| Untracked 
|  50|0x00000000a3e00000, 0x00000000a3e00000, 0x00000000a3f00000|  0%| F|  |TAMS 0x00000000a3e00000, 0x00000000a3e00000| Untracked 
|  51|0x00000000a3f00000, 0x00000000a3f00000, 0x00000000a4000000|  0%| F|  |TAMS 0x00000000a3f00000, 0x00000000a3f00000| Untracked 
|  52|0x00000000a4000000, 0x00000000a4000000, 0x00000000a4100000|  0%| F|  |TAMS 0x00000000a4000000, 0x00000000a4000000| Untracked 
|  53|0x00000000a4100000, 0x00000000a4100000, 0x00000000a4200000|  0%| F|  |TAMS 0x00000000a4100000, 0x00000000a4100000| Untracked 
|  54|0x00000000a4200000, 0x00000000a4200000, 0x00000000a4300000|  0%| F|  |TAMS 0x00000000a4200000, 0x00000000a4200000| Untracked 
|  55|0x00000000a4300000, 0x00000000a4300000, 0x00000000a4400000|  0%| F|  |TAMS 0x00000000a4300000, 0x00000000a4300000| Untracked 
|  56|0x00000000a4400000, 0x00000000a4400000, 0x00000000a4500000|  0%| F|  |TAMS 0x00000000a4400000, 0x00000000a4400000| Untracked 
|  57|0x00000000a4500000, 0x00000000a4500000, 0x00000000a4600000|  0%| F|  |TAMS 0x00000000a4500000, 0x00000000a4500000| Untracked 
|  58|0x00000000a4600000, 0x00000000a4600000, 0x00000000a4700000|  0%| F|  |TAMS 0x00000000a4600000, 0x00000000a4600000| Untracked 
|  59|0x00000000a4700000, 0x00000000a4700000, 0x00000000a4800000|  0%| F|  |TAMS 0x00000000a4700000, 0x00000000a4700000| Untracked 
|  60|0x00000000a4800000, 0x00000000a4800000, 0x00000000a4900000|  0%| F|  |TAMS 0x00000000a4800000, 0x00000000a4800000| Untracked 
|  61|0x00000000a4900000, 0x00000000a4900000, 0x00000000a4a00000|  0%| F|  |TAMS 0x00000000a4900000, 0x00000000a4900000| Untracked 
|  62|0x00000000a4a00000, 0x00000000a4a00000, 0x00000000a4b00000|  0%| F|  |TAMS 0x00000000a4a00000, 0x00000000a4a00000| Untracked 
|  63|0x00000000a4b00000, 0x00000000a4b00000, 0x00000000a4c00000|  0%| F|  |TAMS 0x00000000a4b00000, 0x00000000a4b00000| Untracked 
|  64|0x00000000a4c00000, 0x00000000a4c00000, 0x00000000a4d00000|  0%| F|  |TAMS 0x00000000a4c00000, 0x00000000a4c00000| Untracked 
|  65|0x00000000a4d00000, 0x00000000a4d00000, 0x00000000a4e00000|  0%| F|  |TAMS 0x00000000a4d00000, 0x00000000a4d00000| Untracked 
|  66|0x00000000a4e00000, 0x00000000a4e00000, 0x00000000a4f00000|  0%| F|  |TAMS 0x00000000a4e00000, 0x00000000a4e00000| Untracked 
|  67|0x00000000a4f00000, 0x00000000a4f00000, 0x00000000a5000000|  0%| F|  |TAMS 0x00000000a4f00000, 0x00000000a4f00000| Untracked 
|  68|0x00000000a5000000, 0x00000000a5000000, 0x00000000a5100000|  0%| F|  |TAMS 0x00000000a5000000, 0x00000000a5000000| Untracked 
|  69|0x00000000a5100000, 0x00000000a5100000, 0x00000000a5200000|  0%| F|  |TAMS 0x00000000a5100000, 0x00000000a5100000| Untracked 
|  70|0x00000000a5200000, 0x00000000a5200000, 0x00000000a5300000|  0%| F|  |TAMS 0x00000000a5200000, 0x00000000a5200000| Untracked 
|  71|0x00000000a5300000, 0x00000000a5300000, 0x00000000a5400000|  0%| F|  |TAMS 0x00000000a5300000, 0x00000000a5300000| Untracked 
|  72|0x00000000a5400000, 0x00000000a5400000, 0x00000000a5500000|  0%| F|  |TAMS 0x00000000a5400000, 0x00000000a5400000| Untracked 
|  73|0x00000000a5500000, 0x00000000a5500000, 0x00000000a5600000|  0%| F|  |TAMS 0x00000000a5500000, 0x00000000a5500000| Untracked 
|  74|0x00000000a5600000, 0x00000000a5600000, 0x00000000a5700000|  0%| F|  |TAMS 0x00000000a5600000, 0x00000000a5600000| Untracked 
|  75|0x00000000a5700000, 0x00000000a5700000, 0x00000000a5800000|  0%| F|  |TAMS 0x00000000a5700000, 0x00000000a5700000| Untracked 
|  76|0x00000000a5800000, 0x00000000a5800000, 0x00000000a5900000|  0%| F|  |TAMS 0x00000000a5800000, 0x00000000a5800000| Untracked 
|  77|0x00000000a5900000, 0x00000000a5900000, 0x00000000a5a00000|  0%| F|  |TAMS 0x00000000a5900000, 0x00000000a5900000| Untracked 
|  78|0x00000000a5a00000, 0x00000000a5a00000, 0x00000000a5b00000|  0%| F|  |TAMS 0x00000000a5a00000, 0x00000000a5a00000| Untracked 
|  79|0x00000000a5b00000, 0x00000000a5b00000, 0x00000000a5c00000|  0%| F|  |TAMS 0x00000000a5b00000, 0x00000000a5b00000| Untracked 
|  80|0x00000000a5c00000, 0x00000000a5c00000, 0x00000000a5d00000|  0%| F|  |TAMS 0x00000000a5c00000, 0x00000000a5c00000| Untracked 
|  81|0x00000000a5d00000, 0x00000000a5d00000, 0x00000000a5e00000|  0%| F|  |TAMS 0x00000000a5d00000, 0x00000000a5d00000| Untracked 
|  82|0x00000000a5e00000, 0x00000000a5e00000, 0x00000000a5f00000|  0%| F|  |TAMS 0x00000000a5e00000, 0x00000000a5e00000| Untracked 
|  83|0x00000000a5f00000, 0x00000000a5f00000, 0x00000000a6000000|  0%| F|  |TAMS 0x00000000a5f00000, 0x00000000a5f00000| Untracked 
|  84|0x00000000a6000000, 0x00000000a6000000, 0x00000000a6100000|  0%| F|  |TAMS 0x00000000a6000000, 0x00000000a6000000| Untracked 
|  85|0x00000000a6100000, 0x00000000a6100000, 0x00000000a6200000|  0%| F|  |TAMS 0x00000000a6100000, 0x00000000a6100000| Untracked 
|  86|0x00000000a6200000, 0x00000000a6200000, 0x00000000a6300000|  0%| F|  |TAMS 0x00000000a6200000, 0x00000000a6200000| Untracked 
|  87|0x00000000a6300000, 0x00000000a6300000, 0x00000000a6400000|  0%| F|  |TAMS 0x00000000a6300000, 0x00000000a6300000| Untracked 
|  88|0x00000000a6400000, 0x00000000a6400000, 0x00000000a6500000|  0%| F|  |TAMS 0x00000000a6400000, 0x00000000a6400000| Untracked 
|  89|0x00000000a6500000, 0x00000000a6500000, 0x00000000a6600000|  0%| F|  |TAMS 0x00000000a6500000, 0x00000000a6500000| Untracked 
|  90|0x00000000a6600000, 0x00000000a6600000, 0x00000000a6700000|  0%| F|  |TAMS 0x00000000a6600000, 0x00000000a6600000| Untracked 
|  91|0x00000000a6700000, 0x00000000a67fc6e8, 0x00000000a6800000| 98%| E|  |TAMS 0x00000000a6700000, 0x00000000a6700000| Complete 
|  92|0x00000000a6800000, 0x00000000a6900000, 0x00000000a6900000|100%| E|CS|TAMS 0x00000000a6800000, 0x00000000a6800000| Complete 
|  93|0x00000000a6900000, 0x00000000a6a00000, 0x00000000a6a00000|100%| E|CS|TAMS 0x00000000a6900000, 0x00000000a6900000| Complete 
|  94|0x00000000a6a00000, 0x00000000a6b00000, 0x00000000a6b00000|100%| E|CS|TAMS 0x00000000a6a00000, 0x00000000a6a00000| Complete 
|  95|0x00000000a6b00000, 0x00000000a6c00000, 0x00000000a6c00000|100%| E|CS|TAMS 0x00000000a6b00000, 0x00000000a6b00000| Complete 

Card table byte_map: [0x000001ed520c0000,0x000001ed523c0000] _byte_map_base: 0x000001ed51bba000

Marking Bits (Prev, Next): (CMBitMap*) 0x000001ed3f3f67b0, (CMBitMap*) 0x000001ed3f3f67f0
 Prev Bits: [0x000001ed526c0000, 0x000001ed53e90000)
 Next Bits: [0x000001ed53e90000, 0x000001ed55660000)

Polling page: 0x000001ed3eba0000

Metaspace:

Usage:
  Non-class:      8.34 MB used.
      Class:    812.20 KB used.
       Both:      9.14 MB used.

Virtual space:
  Non-class space:       16.00 MB reserved,       8.38 MB ( 52%) committed,  2 nodes.
      Class space:        1.00 GB reserved,     896.00 KB ( <1%) committed,  1 nodes.
             Both:        1.02 GB reserved,       9.25 MB ( <1%) committed. 

Chunk freelists:
   Non-Class:  2.75 MB
       Class:  2.97 MB
        Both:  5.72 MB

MaxMetaspaceSize: unlimited
CompressedClassSpaceSize: 1.00 GB
Initial GC threshold: 21.00 MB
Current GC threshold: 21.00 MB
CDS: off
MetaspaceReclaimPolicy: balanced
 - commit_granule_bytes: 65536.
 - commit_granule_words: 8192.
 - virtual_space_node_default_size: 1048576.
 - enlarge_chunks_in_place: 1.
 - new_chunks_are_fully_committed: 0.
 - uncommit_free_chunks: 1.
 - use_allocation_guard: 0.
 - handle_deallocations: 1.


Internal statistics:

num_allocs_failed_limit: 0.
num_arena_births: 8.
num_arena_deaths: 0.
num_vsnodes_births: 3.
num_vsnodes_deaths: 0.
num_space_committed: 148.
num_space_uncommitted: 0.
num_chunks_returned_to_freelist: 0.
num_chunks_taken_from_freelist: 46.
num_chunk_merges: 0.
num_chunk_splits: 19.
num_chunks_enlarged: 15.
num_purges: 0.
num_inconsistent_stats: 0.

CodeHeap 'non-profiled nmethods': size=120000Kb used=128Kb max_used=128Kb free=119871Kb
 bounds [0x000001ed4a540000, 0x000001ed4a7b0000, 0x000001ed51a70000]
CodeHeap 'profiled nmethods': size=120000Kb used=575Kb max_used=575Kb free=119425Kb
 bounds [0x000001ed43010000, 0x000001ed43280000, 0x000001ed4a540000]
CodeHeap 'non-nmethods': size=5760Kb used=1197Kb max_used=1216Kb free=4562Kb
 bounds [0x000001ed42a70000, 0x000001ed42ce0000, 0x000001ed43010000]
 total_blobs=802 nmethods=390 adapters=325
 compilation: enabled
              stopped_count=0, restarted_count=0
 full_count=0

Compilation events (20 events):
Event: 1238.171 Thread 0x000001ed58c125e0  388       3       org.eclipse.jdt.launching.internal.org.objectweb.asm.ClassReader::readUtf (161 bytes)
Event: 1238.175 Thread 0x000001ed58c125e0 

Event: 1238.175 Thread 0x000001ed58c125e0  387       3       org.eclipse.jdt.launching.internal.org.objectweb.asm.SymbolTable::hash (10 bytes)
Event: 1238.175 Thread 0x000001ed58c125e0 nmethod 387 0x000001ed4309e710 code [0x000001ed4309e8a0, 0x000001ed4309e9e8]
Event: 1491.988 Thread 0x000001ed58c125e0  389       3       org.eclipse.jdt.launching.internal.org.objectweb.asm.SymbolTable$Entry::<init> (17 bytes)
Event: 1491.992 Thread 0x000001ed58c125e0 

Event: 1491.992 Thread 0x000001ed58c125e0  390       3       org.eclipse.jdt.launching.internal.org.objectweb.asm.ClassReader::readUTF8 (23 bytes)
Event: 1491.992 Thread 0x000001ed58c125e0 nmethod 390 0x000001ed4309eb10 code [0x000001ed4309ecc0, 0x000001ed4309ef18]
Event: 1566.291 Thread 0x000001ed58c125e0  391       3       org.eclipse.jdt.launching.internal.org.objectweb.asm.ClassReader::readUtf (161 bytes)
Event: 1566.291 Thread 0x000001ed58c10c20  393       4       java.lang.AbstractStringBuilder::ensureCapacityInternal (39 bytes)
Event: 1566.295 Thread 0x000001ed58c125e0 

Event: 1566.295 Thread 0x000001ed58c125e0  392       3       org.eclipse.jdt.launching.internal.org.objectweb.asm.SymbolTable::add (39 bytes)
Event: 1566.295 Thread 0x000001ed58c125e0 nmethod 392 0x000001ed4309f010 code [0x000001ed4309f1c0, 0x000001ed4309f4f8]
Event: 1566.301 Thread 0x000001ed58c10c20 

Event: 1994.902 Thread 0x000001ed58c125e0  394       3       org.eclipse.jdt.launching.internal.org.objectweb.asm.ClassReader::readUtf (161 bytes)
Event: 1994.902 Thread 0x000001ed58c10c20  396       4       org.eclipse.jdt.launching.internal.org.objectweb.asm.ClassReader::readUnsignedShort (26 bytes)
Event: 1994.907 Thread 0x000001ed58c125e0 

Event: 1994.907 Thread 0x000001ed58c125e0  395       3       org.eclipse.jdt.launching.internal.org.objectweb.asm.SymbolTable::addConstantUtf8 (20 bytes)
Event: 1994.907 Thread 0x000001ed58c10c20 

Event: 1994.907 Thread 0x000001ed58c125e0 nmethod 395 0x000001ed4309f610 code [0x000001ed4309f7e0, 0x000001ed4309fa88]

GC Heap History (0 events):
No events

Deoptimization events (20 events):
Event: 0.813 Thread 0x000001ed3f3be330 DEOPT PACKING pc=0x000001ed43081054 sp=0x000000759e8fb710
Event: 0.813 Thread 0x000001ed3f3be330 DEOPT UNPACKING pc=0x000001ed42ac2b43 sp=0x000000759e8fab78 mode 0
Event: 0.813 Thread 0x000001ed3f3be330 DEOPT PACKING pc=0x000001ed43081054 sp=0x000000759e8fb710
Event: 0.813 Thread 0x000001ed3f3be330 DEOPT UNPACKING pc=0x000001ed42ac2b43 sp=0x000000759e8fab78 mode 0
Event: 0.813 Thread 0x000001ed3f3be330 DEOPT PACKING pc=0x000001ed43081054 sp=0x000000759e8fb710
Event: 0.813 Thread 0x000001ed3f3be330 DEOPT UNPACKING pc=0x000001ed42ac2b43 sp=0x000000759e8fab78 mode 0
Event: 0.822 Thread 0x000001ed3f3be330 DEOPT PACKING pc=0x000001ed4308112c sp=0x000000759e8fb640
Event: 0.822 Thread 0x000001ed3f3be330 DEOPT UNPACKING pc=0x000001ed42ac2b43 sp=0x000000759e8faaa8 mode 0
Event: 0.826 Thread 0x000001ed3f3be330 DEOPT PACKING pc=0x000001ed4308112c sp=0x000000759e8fb710
Event: 0.826 Thread 0x000001ed3f3be330 DEOPT UNPACKING pc=0x000001ed42ac2b43 sp=0x000000759e8fab78 mode 0
Event: 0.828 Thread 0x000001ed3f3be330 DEOPT PACKING pc=0x000001ed4308112c sp=0x000000759e8fb5c0
Event: 0.828 Thread 0x000001ed3f3be330 DEOPT UNPACKING pc=0x000001ed42ac2b43 sp=0x000000759e8faa28 mode 0
Event: 0.836 Thread 0x000001ed3f3be330 DEOPT PACKING pc=0x000001ed4308112c sp=0x000000759e8f78b0
Event: 0.836 Thread 0x000001ed3f3be330 DEOPT UNPACKING pc=0x000001ed42ac2b43 sp=0x000000759e8f6d18 mode 0
Event: 0.836 Thread 0x000001ed3f3be330 DEOPT PACKING pc=0x000001ed43081054 sp=0x000000759e8f78b0
Event: 0.836 Thread 0x000001ed3f3be330 DEOPT UNPACKING pc=0x000001ed42ac2b43 sp=0x000000759e8f6d18 mode 0
Event: 0.836 Thread 0x000001ed3f3be330 DEOPT PACKING pc=0x000001ed43081054 sp=0x000000759e8f78b0
Event: 0.836 Thread 0x000001ed3f3be330 DEOPT UNPACKING pc=0x000001ed42ac2b43 sp=0x000000759e8f6d18 mode 0
Event: 0.836 Thread 0x000001ed3f3be330 DEOPT PACKING pc=0x000001ed43081054 sp=0x000000759e8f78b0
Event: 0.836 Thread 0x000001ed3f3be330 DEOPT UNPACKING pc=0x000001ed42ac2b43 sp=0x000000759e8f6d18 mode 0

Classes unloaded (0 events):
No events

Classes redefined (5 events):
Event: 1222.881 Thread 0x000001ed58060630 redefined class name=collectionsdemo.ComparableDemo, count=1
Event: 1238.172 Thread 0x000001ed58060630 redefined class name=collectionsdemo.Student, count=1
Event: 1491.989 Thread 0x000001ed58060630 redefined class name=collectionsdemo.Student, count=2
Event: 1566.292 Thread 0x000001ed58060630 redefined class name=collectionsdemo.Student, count=3
Event: 1994.904 Thread 0x000001ed58060630 redefined class name=collectionsdemo.Student, count=4

Internal exceptions (0 events):
No events

VM Operations (20 events):
Event: 1668.670 Executing VM operation: get/set locals
Event: 1668.670 Executing VM operation: get/set locals done
Event: 1669.178 Executing VM operation: get/set locals
Event: 1669.178 Executing VM operation: get/set locals done
Event: 1669.189 Executing VM operation: get/set locals
Event: 1669.189 Executing VM operation: get/set locals done
Event: 1683.894 Executing VM operation: get/set locals
Event: 1683.894 Executing VM operation: get/set locals done
Event: 1994.897 Executing VM operation: ChangeSingleStep
Event: 1994.898 Executing VM operation: ChangeSingleStep done
Event: 1994.898 Executing VM operation: ChangeSingleStep
Event: 1994.898 Executing VM operation: ChangeSingleStep done
Event: 1994.903 Executing VM operation: RedefineClasses
Event: 1994.907 Executing VM operation: RedefineClasses done
Event: 1994.916 Executing VM operation: ChangeBreakpoints
Event: 1994.917 Executing VM operation: ChangeBreakpoints done
Event: 1994.921 Executing VM operation: ChangeSingleStep
Event: 1994.921 Executing VM operation: ChangeSingleStep done
Event: 1994.923 Executing VM operation: ChangeSingleStep
Event: 1994.923 Executing VM operation: ChangeSingleStep done

Events (20 events):
Event: 0.787 loading class jdk/internal/reflect/Label done
Event: 0.788 loading class jdk/internal/reflect/Label$PatchInfo
Event: 0.788 loading class jdk/internal/reflect/Label$PatchInfo done
Event: 0.788 loading class jdk/internal/reflect/MethodAccessorGenerator$1
Event: 0.788 loading class jdk/internal/reflect/MethodAccessorGenerator$1 done
Event: 0.788 loading class jdk/internal/reflect/ClassDefiner
Event: 0.788 loading class jdk/internal/reflect/ClassDefiner done
Event: 0.788 loading class jdk/internal/reflect/ClassDefiner$1
Event: 0.788 loading class jdk/internal/reflect/ClassDefiner$1 done
Event: 0.789 loading class jdk/internal/reflect/BootstrapConstructorAccessorImpl
Event: 0.789 loading class jdk/internal/reflect/BootstrapConstructorAccessorImpl done
Event: 0.800 loading class java/lang/TypeNotPresentException
Event: 0.800 loading class java/lang/TypeNotPresentException done
Event: 0.838 loading class java/lang/IllegalStateException
Event: 0.838 loading class java/lang/IllegalStateException done
Event: 5.853 Thread 0x000001ed593494c0 Thread exited: 0x000001ed593494c0
Event: 16.606 loading class java/nio/charset/CoderResult
Event: 16.607 loading class java/nio/charset/CoderResult done
Event: 27.669 loading class java/util/ComparableTimSort
Event: 27.669 loading class java/util/ComparableTimSort done


Dynamic libraries:
0x00007ff79f350000 - 0x00007ff79f35e000 	F:\z\eclipse-jee-2021-12-R-win32-x86_64\eclipse\plugins\org.eclipse.justj.openjdk.hotspot.jre.full.win32.x86_64_17.0.1.v20211116-1657\jre\bin\javaw.exe
0x00007ffde54e0000 - 0x00007ffde56e9000 	C:\Windows\SYSTEM32\ntdll.dll
0x00007ffde3c50000 - 0x00007ffde3d0d000 	C:\Windows\System32\KERNEL32.DLL
0x00007ffde2e90000 - 0x00007ffde3204000 	C:\Windows\System32\KERNELBASE.dll
0x00007ffde2b60000 - 0x00007ffde2c71000 	C:\Windows\System32\ucrtbase.dll
0x00007ffddb990000 - 0x00007ffddb9a8000 	F:\z\eclipse-jee-2021-12-R-win32-x86_64\eclipse\plugins\org.eclipse.justj.openjdk.hotspot.jre.full.win32.x86_64_17.0.1.v20211116-1657\jre\bin\jli.dll
0x00007ffde3d50000 - 0x00007ffde3efc000 	C:\Windows\System32\USER32.dll
0x00007ffde2c80000 - 0x00007ffde2ca6000 	C:\Windows\System32\win32u.dll
0x00007ffde4cb0000 - 0x00007ffde4cd9000 	C:\Windows\System32\GDI32.dll
0x00007ffde29d0000 - 0x00007ffde2ae2000 	C:\Windows\System32\gdi32full.dll
0x00007ffde2d30000 - 0x00007ffde2dcd000 	C:\Windows\System32\msvcp_win.dll
0x00007ffddd700000 - 0x00007ffddd719000 	F:\z\eclipse-jee-2021-12-R-win32-x86_64\eclipse\plugins\org.eclipse.justj.openjdk.hotspot.jre.full.win32.x86_64_17.0.1.v20211116-1657\jre\bin\VCRUNTIME140.dll
0x00007ffdd5430000 - 0x00007ffdd56d5000 	C:\Windows\WinSxS\amd64_microsoft.windows.common-controls_6595b64144ccf1df_6.0.22000.120_none_9d947278b86cc467\COMCTL32.dll
0x00007ffde3380000 - 0x00007ffde3423000 	C:\Windows\System32\msvcrt.dll
0x00007ffde3d10000 - 0x00007ffde3d41000 	C:\Windows\System32\IMM32.DLL
0x00007ffdde0a0000 - 0x00007ffdde0ac000 	F:\z\eclipse-jee-2021-12-R-win32-x86_64\eclipse\plugins\org.eclipse.justj.openjdk.hotspot.jre.full.win32.x86_64_17.0.1.v20211116-1657\jre\bin\vcruntime140_1.dll
0x00007ffdc8360000 - 0x00007ffdc83f1000 	F:\z\eclipse-jee-2021-12-R-win32-x86_64\eclipse\plugins\org.eclipse.justj.openjdk.hotspot.jre.full.win32.x86_64_17.0.1.v20211116-1657\jre\bin\msvcp140.dll
0x00007ffdb5b60000 - 0x00007ffdb67a6000 	F:\z\eclipse-jee-2021-12-R-win32-x86_64\eclipse\plugins\org.eclipse.justj.openjdk.hotspot.jre.full.win32.x86_64_17.0.1.v20211116-1657\jre\bin\server\jvm.dll
0x00007ffde41e0000 - 0x00007ffde428e000 	C:\Windows\System32\ADVAPI32.dll
0x00007ffde4140000 - 0x00007ffde41de000 	C:\Windows\System32\sechost.dll
0x00007ffde4020000 - 0x00007ffde4140000 	C:\Windows\System32\RPCRT4.dll
0x00007ffde49e0000 - 0x00007ffde49e8000 	C:\Windows\System32\PSAPI.DLL
0x00007ffdde0b0000 - 0x00007ffdde0b9000 	C:\Windows\SYSTEM32\WSOCK32.dll
0x00007ffddd6a0000 - 0x00007ffddd6d3000 	C:\Windows\SYSTEM32\WINMM.dll
0x00007ffde3be0000 - 0x00007ffde3c4f000 	C:\Windows\System32\WS2_32.dll
0x00007ffddadf0000 - 0x00007ffddadfa000 	C:\Windows\SYSTEM32\VERSION.dll
0x00007ffde1ad0000 - 0x00007ffde1ae8000 	C:\Windows\SYSTEM32\kernel.appcore.dll
0x00007ffdddf20000 - 0x00007ffdddf2a000 	F:\z\eclipse-jee-2021-12-R-win32-x86_64\eclipse\plugins\org.eclipse.justj.openjdk.hotspot.jre.full.win32.x86_64_17.0.1.v20211116-1657\jre\bin\jimage.dll
0x00007ffde0400000 - 0x00007ffde0621000 	C:\Windows\SYSTEM32\DBGHELP.DLL
0x00007ffddb390000 - 0x00007ffddb3c1000 	C:\Windows\SYSTEM32\dbgcore.DLL
0x00007ffde2cb0000 - 0x00007ffde2d2f000 	C:\Windows\System32\bcryptPrimitives.dll
0x00007ffdd7540000 - 0x00007ffdd757b000 	F:\z\eclipse-jee-2021-12-R-win32-x86_64\eclipse\plugins\org.eclipse.justj.openjdk.hotspot.jre.full.win32.x86_64_17.0.1.v20211116-1657\jre\bin\jdwp.dll
0x00007ffddd330000 - 0x00007ffddd33e000 	F:\z\eclipse-jee-2021-12-R-win32-x86_64\eclipse\plugins\org.eclipse.justj.openjdk.hotspot.jre.full.win32.x86_64_17.0.1.v20211116-1657\jre\bin\instrument.dll
0x00007ffdd9470000 - 0x00007ffdd9495000 	F:\z\eclipse-jee-2021-12-R-win32-x86_64\eclipse\plugins\org.eclipse.justj.openjdk.hotspot.jre.full.win32.x86_64_17.0.1.v20211116-1657\jre\bin\java.dll
0x00007ffdd9450000 - 0x00007ffdd9468000 	F:\z\eclipse-jee-2021-12-R-win32-x86_64\eclipse\plugins\org.eclipse.justj.openjdk.hotspot.jre.full.win32.x86_64_17.0.1.v20211116-1657\jre\bin\zip.dll
0x00007ffde4ce0000 - 0x00007ffde548f000 	C:\Windows\System32\SHELL32.dll
0x00007ffde0b40000 - 0x00007ffde13a8000 	C:\Windows\SYSTEM32\windows.storage.dll
0x00007ffde3800000 - 0x00007ffde3b78000 	C:\Windows\System32\combase.dll
0x00007ffde09d0000 - 0x00007ffde0b36000 	C:\Windows\SYSTEM32\wintypes.dll
0x00007ffde4aa0000 - 0x00007ffde4b8a000 	C:\Windows\System32\SHCORE.dll
0x00007ffde3b80000 - 0x00007ffde3bdd000 	C:\Windows\System32\shlwapi.dll
0x00007ffde2900000 - 0x00007ffde2921000 	C:\Windows\SYSTEM32\profapi.dll
0x00007ffddb980000 - 0x00007ffddb98c000 	F:\z\eclipse-jee-2021-12-R-win32-x86_64\eclipse\plugins\org.eclipse.justj.openjdk.hotspot.jre.full.win32.x86_64_17.0.1.v20211116-1657\jre\bin\dt_socket.dll
0x00007ffde1600000 - 0x00007ffde162d000 	C:\Windows\SYSTEM32\IPHLPAPI.DLL
0x00007ffde1f00000 - 0x00007ffde1f67000 	C:\Windows\system32\mswsock.dll
0x00007ffde1670000 - 0x00007ffde1758000 	C:\Windows\SYSTEM32\DNSAPI.dll
0x00007ffde3f80000 - 0x00007ffde3f89000 	C:\Windows\System32\NSI.dll
0x00007ffdd9010000 - 0x00007ffdd901a000 	C:\Windows\System32\rasadhlp.dll
0x00007ffddbbc0000 - 0x00007ffddbc41000 	C:\Windows\System32\fwpuclnt.dll
0x00007ffdd9430000 - 0x00007ffdd9449000 	F:\z\eclipse-jee-2021-12-R-win32-x86_64\eclipse\plugins\org.eclipse.justj.openjdk.hotspot.jre.full.win32.x86_64_17.0.1.v20211116-1657\jre\bin\net.dll
0x00007ffddd0b0000 - 0x00007ffddd1bc000 	C:\Windows\SYSTEM32\WINHTTP.dll
0x00007ffdd2980000 - 0x00007ffdd2995000 	F:\z\eclipse-jee-2021-12-R-win32-x86_64\eclipse\plugins\org.eclipse.justj.openjdk.hotspot.jre.full.win32.x86_64_17.0.1.v20211116-1657\jre\bin\nio.dll
0x00007ffdddef0000 - 0x00007ffdddf00000 	F:\z\eclipse-jee-2021-12-R-win32-x86_64\eclipse\plugins\org.eclipse.justj.openjdk.hotspot.jre.full.win32.x86_64_17.0.1.v20211116-1657\jre\bin\verify.dll

dbghelp: loaded successfully - version: 4.0.5 - missing functions: none
symbol engine: initialized successfully - sym options: 0x614 - pdb path: .;F:\z\eclipse-jee-2021-12-R-win32-x86_64\eclipse\plugins\org.eclipse.justj.openjdk.hotspot.jre.full.win32.x86_64_17.0.1.v20211116-1657\jre\bin;C:\Windows\SYSTEM32;C:\Windows\WinSxS\amd64_microsoft.windows.common-controls_6595b64144ccf1df_6.0.22000.120_none_9d947278b86cc467;F:\z\eclipse-jee-2021-12-R-win32-x86_64\eclipse\plugins\org.eclipse.justj.openjdk.hotspot.jre.full.win32.x86_64_17.0.1.v20211116-1657\jre\bin\server

VM Arguments:
jvm_args: -XX:+ShowCodeDetailsInExceptionMessages -agentlib:jdwp=transport=dt_socket,suspend=y,address=localhost:52474 -javaagent:F:\z\eclipse-jee-2021-12-R-win32-x86_64\eclipse\configuration\org.eclipse.osgi\418\0\.cp\lib\javaagent-shaded.jar -Dfile.encoding=Cp1252 
java_command: collectionsdemo.ComparableDemo
java_class_path (initial): F:\Training\eclipse-workspace\CoreJava\bin
Launcher Type: SUN_STANDARD

[Global flags]
     intx CICompilerCount                          = 4                                         {product} {ergonomic}
     uint ConcGCThreads                            = 2                                         {product} {ergonomic}
     uint G1ConcRefinementThreads                  = 8                                         {product} {ergonomic}
   size_t G1HeapRegionSize                         = 1048576                                   {product} {ergonomic}
    uintx GCDrainStackTargetSize                   = 64                                        {product} {ergonomic}
   size_t InitialHeapSize                          = 100663296                                 {product} {ergonomic}
   size_t MarkStackSize                            = 4194304                                   {product} {ergonomic}
   size_t MaxHeapSize                              = 1598029824                                {product} {ergonomic}
   size_t MaxNewSize                               = 958398464                                 {product} {ergonomic}
   size_t MinHeapDeltaBytes                        = 1048576                                   {product} {ergonomic}
   size_t MinHeapSize                              = 8388608                                   {product} {ergonomic}
    uintx NonNMethodCodeHeapSize                   = 5839372                                {pd product} {ergonomic}
    uintx NonProfiledCodeHeapSize                  = 122909434                              {pd product} {ergonomic}
    uintx ProfiledCodeHeapSize                     = 122909434                              {pd product} {ergonomic}
    uintx ReservedCodeCacheSize                    = 251658240                              {pd product} {ergonomic}
     bool SegmentedCodeCache                       = true                                      {product} {ergonomic}
     bool ShowCodeDetailsInExceptionMessages       = true                                   {manageable} {command line}
   size_t SoftMaxHeapSize                          = 1598029824                             {manageable} {ergonomic}
     bool UseCompressedClassPointers               = true                           {product lp64_product} {ergonomic}
     bool UseCompressedOops                        = true                           {product lp64_product} {ergonomic}
     bool UseG1GC                                  = true                                      {product} {ergonomic}
     bool UseLargePagesIndividualAllocation        = false                                  {pd product} {ergonomic}

Logging:
Log output configuration:
 #0: stdout all=warning uptime,level,tags
 #1: stderr all=off uptime,level,tags

Environment Variables:
PATH=F:\z\eclipse-jee-2021-12-R-win32-x86_64\eclipse\plugins\org.eclipse.justj.openjdk.hotspot.jre.full.win32.x86_64_17.0.1.v20211116-1657\jre\bin;F:/z/eclipse-jee-2021-12-R-win32-x86_64/eclipse//plugins/org.eclipse.justj.openjdk.hotspot.jre.full.win32.x86_64_17.0.1.v20211116-1657/jre/bin/server;F:/z/eclipse-jee-2021-12-R-win32-x86_64/eclipse//plugins/org.eclipse.justj.openjdk.hotspot.jre.full.win32.x86_64_17.0.1.v20211116-1657/jre/bin;C:\Program Files\Common Files\Oracle\Java\javapath;C:\Windows\system32;C:\Windows;C:\Windows\System32\Wbem;C:\Windows\System32\WindowsPowerShell\v1.0\;C:\Windows\System32\OpenSSH\;C:\Users\Asus\AppData\Local\Microsoft\WindowsApps;;F:\z\eclipse-jee-2021-12-R-win32-x86_64\eclipse;
USERNAME=Asus
OS=Windows_NT
PROCESSOR_IDENTIFIER=AMD64 Family 23 Model 24 Stepping 1, AuthenticAMD



---------------  S Y S T E M  ---------------

OS:
 Windows 10 , 64 bit Build 22000 (10.0.22000.613)
OS uptime: 1 days 0:41 hours

CPU: total 8 (initial active 8) (8 cores per cpu, 2 threads per core) family 23 model 24 stepping 1 microcode 0x0, cx8, cmov, fxsr, ht, mmx, 3dnowpref, sse, sse2, sse3, ssse3, sse4a, sse4.1, sse4.2, popcnt, lzcnt, tsc, tscinvbit, avx, avx2, aes, clmul, bmi1, bmi2, adx, sha, fma, vzeroupper, clflush, clflushopt

Memory: 4k page, system-wide physical 6091M (1315M free)
TotalPageFile size 8469M (AvailPageFile size 1259M)
current process WorkingSet (physical memory assigned to process): 45M, peak: 49M
current process commit charge ("private bytes"): 177M, peak: 181M

vm_info: OpenJDK 64-Bit Server VM (17.0.1+12) for windows-amd64 JRE (17.0.1+12), built on Oct 20 2021 07:42:55 by "" with MS VC++ 16.7 (VS2019)

END.
